0 info it worked if it ends with ok
1 verbose cli [ '/usr/bin/node', '/usr/bin/npm', 'start' ]
2 info using npm@3.10.5
3 info using node@v6.3.0
4 verbose run-script [ 'prestart', 'start', 'poststart' ]
5 info lifecycle 86bootcamp@0.0.0~prestart: 86bootcamp@0.0.0
6 silly lifecycle 86bootcamp@0.0.0~prestart: no script for prestart, continuing
7 info lifecycle 86bootcamp@0.0.0~start: 86bootcamp@0.0.0
8 verbose lifecycle 86bootcamp@0.0.0~start: unsafe-perm in lifecycle true
9 verbose lifecycle 86bootcamp@0.0.0~start: PATH: /usr/lib/node_modules/npm/bin/node-gyp-bin:/home/colshacol/Code/86/node_modules/.bin:/usr/bin:/home/colshacol/.rvm/gems/ruby-2.3.1/bin:/home/colshacol/.rvm/gems/ruby-2.3.1@global/bin:/home/colshacol/.rvm/rubies/ruby-2.3.1/bin:/usr/local/sbin:/usr/local/bin:/usr/bin:/usr/lib/jvm/default/bin:/usr/bin/site_perl:/usr/bin/vendor_perl:/usr/bin/core_perl:/home/colshacol/.rvm/bin:/home/colshacol/.rvm/bin
10 verbose lifecycle 86bootcamp@0.0.0~start: CWD: /home/colshacol/Code/86
11 silly lifecycle 86bootcamp@0.0.0~start: Args: [ '-c', 'live-server & gulp watch' ]
12 silly lifecycle 86bootcamp@0.0.0~start: Returned: code: 1  signal: null
13 info lifecycle 86bootcamp@0.0.0~start: Failed to exec start script
14 verbose stack Error: 86bootcamp@0.0.0 start: `live-server & gulp watch`
14 verbose stack Exit status 1
14 verbose stack     at EventEmitter.<anonymous> (/usr/lib/node_modules/npm/lib/utils/lifecycle.js:242:16)
14 verbose stack     at emitTwo (events.js:106:13)
14 verbose stack     at EventEmitter.emit (events.js:191:7)
14 verbose stack     at ChildProcess.<anonymous> (/usr/lib/node_modules/npm/lib/utils/spawn.js:40:14)
14 verbose stack     at emitTwo (events.js:106:13)
14 verbose stack     at ChildProcess.emit (events.js:191:7)
14 verbose stack     at maybeClose (internal/child_process.js:852:16)
14 verbose stack     at Process.ChildProcess._handle.onexit (internal/child_process.js:215:5)
15 verbose pkgid 86bootcamp@0.0.0
16 verbose cwd /home/colshacol/Code/86
17 error Linux 4.6.4-1-ARCH
18 error argv "/usr/bin/node" "/usr/bin/npm" "start"
19 error node v6.3.0
20 error npm  v3.10.5
21 error code ELIFECYCLE
22 error 86bootcamp@0.0.0 start: `live-server & gulp watch`
22 error Exit status 1
23 error Failed at the 86bootcamp@0.0.0 start script 'live-server & gulp watch'.
23 error Make sure you have the latest version of node.js and npm installed.
23 error If you do, this is most likely a problem with the 86bootcamp package,
23 error not with npm itself.
23 error Tell the author that this fails on your system:
23 error     live-server & gulp watch
23 error You can get information on how to open an issue for this project with:
23 error     npm bugs 86bootcamp
23 error Or if that isn't available, you can get their info via:
23 error     npm owner ls 86bootcamp
23 error There is likely additional logging output above.
24 verbose exit [ 1, true ]
